[ 2017-02-24 20:07:37.6050 29447/7fb3949e1780 age/Wat/WatchdogMain.cpp:1281 ]: Starting Passenger watchdog...
[ 2017-02-24 20:07:37.6124 29450/7f97ceedc780 age/Cor/CoreMain.cpp:1070 ]: Starting Passenger core...
[ 2017-02-24 20:07:37.6125 29450/7f97ceedc780 age/Cor/CoreMain.cpp:245 ]: Passenger core running in multi-application mode.
[ 2017-02-24 20:07:37.6152 29450/7f97ceedc780 age/Cor/CoreMain.cpp:820 ]: Passenger core online, PID 29450
[ 2017-02-24 20:07:37.6232 29456/7f1e0d542780 age/Ust/UstRouterMain.cpp:529 ]: Starting Passenger UstRouter...
[ 2017-02-24 20:07:37.6236 29456/7f1e0d542780 age/Ust/UstRouterMain.cpp:342 ]: Passenger UstRouter online, PID 29456
2017/02/24 20:07:39 [error] 29470#0: *4 "/home/ubuntu/spajic/public/public/index.html" is not found (2: No such file or directory), client: 127.0.0.1, server: _, request: "HEAD / HTTP/1.1", host: "0.0.0.0"
[ 2017-02-24 20:07:40.1215 29450/7f97ceded700 age/Cor/SecurityUpdateChecker.h:464 ]: Security update check: no update found (next check in 24 hours)

[ 2017-02-24 20:08:34.0323 29450/7f97c82df700 age/Cor/CoreMain.cpp:585 ]: Signal received. Gracefully shutting down... (send signal 2 more time(s) to force shutdown)
[ 2017-02-24 20:08:34.0323 29450/7f97ceedc780 age/Cor/CoreMain.cpp:989 ]: Received command to shutdown gracefully. Waiting until all clients have disconnected...
[ 2017-02-24 20:08:34.0324 29450/7f97c7a5d700 Ser/Server.h:817 ]: [ApiServer] Freed 0 spare client objects
[ 2017-02-24 20:08:34.0324 29450/7f97c7a5d700 Ser/Server.h:464 ]: [ApiServer] Shutdown finished
[ 2017-02-24 20:08:34.0325 29450/7f97c82df700 Ser/Server.h:817 ]: [ServerThr.1] Freed 128 spare client objects
[ 2017-02-24 20:08:34.0325 29450/7f97c82df700 Ser/Server.h:464 ]: [ServerThr.1] Shutdown finished

[ 2017-02-24 20:08:34.0330 29456/7f1e06906700 age/Ust/UstRouterMain.cpp:422 ]: Signal received. Gracefully shutting down... (send signal 2 more time(s) to force shutdown)
[ 2017-02-24 20:08:34.0331 29456/7f1e0d542780 age/Ust/UstRouterMain.cpp:492 ]: Received command to shutdown gracefully. Waiting until all clients have disconnected...
[ 2017-02-24 20:08:34.0331 29456/7f1e06105700 Ser/Server.h:817 ]: [UstRouterApiServer] Freed 0 spare client objects
[ 2017-02-24 20:08:34.0331 29456/7f1e06105700 Ser/Server.h:464 ]: [UstRouterApiServer] Shutdown finished
[ 2017-02-24 20:08:34.0332 29456/7f1e06906700 Ser/Server.h:464 ]: [UstRouter] Shutdown finished
[ 2017-02-24 20:08:34.0333 29456/7f1e0d542780 age/Ust/UstRouterMain.cpp:523 ]: Passenger UstRouter shutdown finished
[ 2017-02-24 20:08:34.0533 29450/7f97ceedc780 age/Cor/CoreMain.cpp:1055 ]: Passenger core shutdown finished
[ 2017-02-24 20:09:27.5327 29530/7f624da02780 age/Wat/WatchdogMain.cpp:1281 ]: Starting Passenger watchdog...
[ 2017-02-24 20:09:27.5402 29533/7fb5462da780 age/Cor/CoreMain.cpp:1070 ]: Starting Passenger core...
[ 2017-02-24 20:09:27.5403 29533/7fb5462da780 age/Cor/CoreMain.cpp:245 ]: Passenger core running in multi-application mode.
[ 2017-02-24 20:09:27.5429 29533/7fb5462da780 age/Cor/CoreMain.cpp:820 ]: Passenger core online, PID 29533
[ 2017-02-24 20:09:27.5511 29539/7fb4fa679780 age/Ust/UstRouterMain.cpp:529 ]: Starting Passenger UstRouter...
[ 2017-02-24 20:09:27.5515 29539/7fb4fa679780 age/Ust/UstRouterMain.cpp:342 ]: Passenger UstRouter online, PID 29539
2017/02/24 20:09:29 [error] 29553#0: *4 "/home/ubuntu/spajic/public/public/index.html" is not found (2: No such file or directory), client: 127.0.0.1, server: _, request: "HEAD / HTTP/1.1", host: "0.0.0.0"
[ 2017-02-24 20:09:30.0276 29533/7fb5461eb700 age/Cor/SecurityUpdateChecker.h:464 ]: Security update check: no update found (next check in 24 hours)

[ 2017-02-24 20:09:50.6002 29533/7fb53f6dd700 age/Cor/CoreMain.cpp:585 ]: Signal received. Gracefully shutting down... (send signal 2 more time(s) to force shutdown)
[ 2017-02-24 20:09:50.6002 29533/7fb5462da780 age/Cor/CoreMain.cpp:989 ]: Received command to shutdown gracefully. Waiting until all clients have disconnected...
[ 2017-02-24 20:09:50.6003 29533/7fb53ee5b700 Ser/Server.h:817 ]: [ApiServer] Freed 0 spare client objects
[ 2017-02-24 20:09:50.6003 29533/7fb53ee5b700 Ser/Server.h:464 ]: [ApiServer] Shutdown finished
[ 2017-02-24 20:09:50.6004 29533/7fb53f6dd700 Ser/Server.h:817 ]: [ServerThr.1] Freed 128 spare client objects
[ 2017-02-24 20:09:50.6004 29533/7fb53f6dd700 Ser/Server.h:464 ]: [ServerThr.1] Shutdown finished

[ 2017-02-24 20:09:50.6009 29539/7fb4f3a3d700 age/Ust/UstRouterMain.cpp:422 ]: Signal received. Gracefully shutting down... (send signal 2 more time(s) to force shutdown)
[ 2017-02-24 20:09:50.6010 29539/7fb4fa679780 age/Ust/UstRouterMain.cpp:492 ]: Received command to shutdown gracefully. Waiting until all clients have disconnected...
[ 2017-02-24 20:09:50.6010 29539/7fb4f323c700 Ser/Server.h:817 ]: [UstRouterApiServer] Freed 0 spare client objects
[ 2017-02-24 20:09:50.6010 29539/7fb4f323c700 Ser/Server.h:464 ]: [UstRouterApiServer] Shutdown finished
[ 2017-02-24 20:09:50.6011 29539/7fb4f3a3d700 Ser/Server.h:464 ]: [UstRouter] Shutdown finished
[ 2017-02-24 20:09:50.6012 29539/7fb4fa679780 age/Ust/UstRouterMain.cpp:523 ]: Passenger UstRouter shutdown finished
[ 2017-02-24 20:09:50.6213 29533/7fb5462da780 age/Cor/CoreMain.cpp:1055 ]: Passenger core shutdown finished
[ 2017-02-24 20:10:25.5908 29710/7f277fd59780 age/Wat/WatchdogMain.cpp:1281 ]: Starting Passenger watchdog...
[ 2017-02-24 20:10:25.5985 29713/7f257b312780 age/Cor/CoreMain.cpp:1070 ]: Starting Passenger core...
[ 2017-02-24 20:10:25.5986 29713/7f257b312780 age/Cor/CoreMain.cpp:245 ]: Passenger core running in multi-application mode.
[ 2017-02-24 20:10:25.6014 29713/7f257b312780 age/Cor/CoreMain.cpp:820 ]: Passenger core online, PID 29713
[ 2017-02-24 20:10:25.6093 29719/7f4b23a01780 age/Ust/UstRouterMain.cpp:529 ]: Starting Passenger UstRouter...
[ 2017-02-24 20:10:25.6097 29719/7f4b23a01780 age/Ust/UstRouterMain.cpp:342 ]: Passenger UstRouter online, PID 29719
2017/02/24 20:10:27 [error] 29733#0: *4 "/home/ubuntu/spajic/public/public/index.html" is not found (2: No such file or directory), client: 127.0.0.1, server: _, request: "HEAD / HTTP/1.1", host: "0.0.0.0"
[ 2017-02-24 20:10:28.1060 29713/7f257b223700 age/Cor/SecurityUpdateChecker.h:464 ]: Security update check: no update found (next check in 24 hours)
2017/02/24 20:10:51 [error] 29733#0: *5 "/home/ubuntu/spajic/public/public/index.html" is not found (2: No such file or directory), client: 127.0.0.1, server: _, request: "GET / HTTP/1.1", host: "0.0.0.0:3000"
